2025-03-06 13:30:16,260 - database.core - INFO - Connected to database: shop.db
2025-03-06 13:30:16,261 - database.core - INFO - Game-related database tables created successfully
2025-03-06 13:30:16,261 - __main__ - INFO - Starting bot initialization...
2025-03-06 13:30:16,261 - __main__ - INFO - Products directory ensured at products
2025-03-06 13:30:16,261 - __main__ - INFO - Locations directory ensured at locations
2025-03-06 13:30:16,572 - __main__ - INFO - Bot application initialized
2025-03-06 13:30:16,573 - __main__ - INFO - Handlers added to application
2025-03-06 13:30:16,573 - __main__ - INFO - Starting bot polling...
2025-03-06 13:30:16,603 - __main__ - ERROR - Bot initialization failed with error:
Traceback (most recent call last):
  File "C:\Users\muham\AppData\Local\Programs\Python\Python311\Lib\site-packages\httpx\_transports\default.py", line 67, in map_httpcore_exceptions
    yield
  File "C:\Users\muham\AppData\Local\Programs\Python\Python311\Lib\site-packages\httpx\_transports\default.py", line 371, in handle_async_request
    resp = await self._pool.handle_async_request(req)
           ^^^^^^^^^^^^^^^^^^^^^^^^^^^^^^^^^^^^^^^^^^
  File "C:\Users\muham\AppData\Local\Programs\Python\Python311\Lib\site-packages\httpcore\_async\connection_pool.py", line 256, in handle_async_request
    raise exc from None
  File "C:\Users\muham\AppData\Local\Programs\Python\Python311\Lib\site-packages\httpcore\_async\connection_pool.py", line 236, in handle_async_request
    response = await connection.handle_async_request(
               ^^^^^^^^^^^^^^^^^^^^^^^^^^^^^^^^^^^^^^
  File "C:\Users\muham\AppData\Local\Programs\Python\Python311\Lib\site-packages\httpcore\_async\connection.py", line 101, in handle_async_request
    raise exc
  File "C:\Users\muham\AppData\Local\Programs\Python\Python311\Lib\site-packages\httpcore\_async\connection.py", line 78, in handle_async_request
    stream = await self._connect(request)
             ^^^^^^^^^^^^^^^^^^^^^^^^^^^^
  File "C:\Users\muham\AppData\Local\Programs\Python\Python311\Lib\site-packages\httpcore\_async\connection.py", line 124, in _connect
    stream = await self._network_backend.connect_tcp(**kwargs)
             ^^^^^^^^^^^^^^^^^^^^^^^^^^^^^^^^^^^^^^^^^^^^^^^^^
  File "C:\Users\muham\AppData\Local\Programs\Python\Python311\Lib\site-packages\httpcore\_backends\auto.py", line 31, in connect_tcp
    return await self._backend.connect_tcp(
           ^^^^^^^^^^^^^^^^^^^^^^^^^^^^^^^^
  File "C:\Users\muham\AppData\Local\Programs\Python\Python311\Lib\site-packages\httpcore\_backends\anyio.py", line 113, in connect_tcp
    with map_exceptions(exc_map):
  File "C:\Users\muham\AppData\Local\Programs\Python\Python311\Lib\contextlib.py", line 158, in __exit__
    self.gen.throw(typ, value, traceback)
  File "C:\Users\muham\AppData\Local\Programs\Python\Python311\Lib\site-packages\httpcore\_exceptions.py", line 14, in map_exceptions
    raise to_exc(exc) from exc
httpcore.ConnectError: [Errno 11001] getaddrinfo failed

The above exception was the direct cause of the following exception:

Traceback (most recent call last):
  File "C:\Users\muham\AppData\Local\Programs\Python\Python311\Lib\site-packages\telegram\request\_httpxrequest.py", line 268, in do_request
    res = await self._client.request(
          ^^^^^^^^^^^^^^^^^^^^^^^^^^^
  File "C:\Users\muham\AppData\Local\Programs\Python\Python311\Lib\site-packages\httpx\_client.py", line 1559, in request
    return await self.send(request, auth=auth, follow_redirects=follow_redirects)
           ^^^^^^^^^^^^^^^^^^^^^^^^^^^^^^^^^^^^^^^^^^^^^^^^^^^^^^^^^^^^^^^^^^^^^^
  File "C:\Users\muham\AppData\Local\Programs\Python\Python311\Lib\site-packages\httpx\_client.py", line 1646, in send
    response = await self._send_handling_auth(
               ^^^^^^^^^^^^^^^^^^^^^^^^^^^^^^^
  File "C:\Users\muham\AppData\Local\Programs\Python\Python311\Lib\site-packages\httpx\_client.py", line 1674, in _send_handling_auth
    response = await self._send_handling_redirects(
               ^^^^^^^^^^^^^^^^^^^^^^^^^^^^^^^^^^^^
  File "C:\Users\muham\AppData\Local\Programs\Python\Python311\Lib\site-packages\httpx\_client.py", line 1711, in _send_handling_redirects
    response = await self._send_single_request(request)
               ^^^^^^^^^^^^^^^^^^^^^^^^^^^^^^^^^^^^^^^^
  File "C:\Users\muham\AppData\Local\Programs\Python\Python311\Lib\site-packages\httpx\_client.py", line 1748, in _send_single_request
    response = await transport.handle_async_request(request)
               ^^^^^^^^^^^^^^^^^^^^^^^^^^^^^^^^^^^^^^^^^^^^^
  File "C:\Users\muham\AppData\Local\Programs\Python\Python311\Lib\site-packages\httpx\_transports\default.py", line 370, in handle_async_request
    with map_httpcore_exceptions():
  File "C:\Users\muham\AppData\Local\Programs\Python\Python311\Lib\contextlib.py", line 158, in __exit__
    self.gen.throw(typ, value, traceback)
  File "C:\Users\muham\AppData\Local\Programs\Python\Python311\Lib\site-packages\httpx\_transports\default.py", line 84, in map_httpcore_exceptions
    raise mapped_exc(message) from exc
httpx.ConnectError: [Errno 11001] getaddrinfo failed

The above exception was the direct cause of the following exception:

Traceback (most recent call last):
  File "C:\Users\muham\OneDrive\Desktop\project\dened\bot.py", line 234, in <module>
    application.run_polling(allowed_updates=Update.ALL_TYPES)
  File "C:\Users\muham\AppData\Local\Programs\Python\Python311\Lib\site-packages\telegram\ext\_application.py", line 836, in run_polling
    return self.__run(
           ^^^^^^^^^^^
  File "C:\Users\muham\AppData\Local\Programs\Python\Python311\Lib\site-packages\telegram\ext\_application.py", line 1036, in __run
    raise exc
  File "C:\Users\muham\AppData\Local\Programs\Python\Python311\Lib\site-packages\telegram\ext\_application.py", line 1025, in __run
    loop.run_until_complete(self.initialize())
  File "C:\Users\muham\AppData\Local\Programs\Python\Python311\Lib\asyncio\base_events.py", line 654, in run_until_complete
    return future.result()
           ^^^^^^^^^^^^^^^
  File "C:\Users\muham\AppData\Local\Programs\Python\Python311\Lib\site-packages\telegram\ext\_application.py", line 495, in initialize
    await self.bot.initialize()
  File "C:\Users\muham\AppData\Local\Programs\Python\Python311\Lib\site-packages\telegram\ext\_extbot.py", line 293, in initialize
    await super().initialize()
  File "C:\Users\muham\AppData\Local\Programs\Python\Python311\Lib\site-packages\telegram\_bot.py", line 768, in initialize
    await self.get_me()
  File "C:\Users\muham\AppData\Local\Programs\Python\Python311\Lib\site-packages\telegram\ext\_extbot.py", line 1873, in get_me
    return await super().get_me(
           ^^^^^^^^^^^^^^^^^^^^^
  File "C:\Users\muham\AppData\Local\Programs\Python\Python311\Lib\site-packages\telegram\_bot.py", line 542, in decorator
    result = await func(self, *args, **kwargs)
             ^^^^^^^^^^^^^^^^^^^^^^^^^^^^^^^^^
  File "C:\Users\muham\AppData\Local\Programs\Python\Python311\Lib\site-packages\telegram\_bot.py", line 903, in get_me
    result = await self._post(
             ^^^^^^^^^^^^^^^^^
  File "C:\Users\muham\AppData\Local\Programs\Python\Python311\Lib\site-packages\telegram\_bot.py", line 630, in _post
    return await self._do_post(
           ^^^^^^^^^^^^^^^^^^^^
  File "C:\Users\muham\AppData\Local\Programs\Python\Python311\Lib\site-packages\telegram\ext\_extbot.py", line 347, in _do_post
    return await super()._do_post(
           ^^^^^^^^^^^^^^^^^^^^^^^
  File "C:\Users\muham\AppData\Local\Programs\Python\Python311\Lib\site-packages\telegram\_bot.py", line 658, in _do_post
    return await request.post(
           ^^^^^^^^^^^^^^^^^^^
  File "C:\Users\muham\AppData\Local\Programs\Python\Python311\Lib\site-packages\telegram\request\_baserequest.py", line 200, in post
    result = await self._request_wrapper(
             ^^^^^^^^^^^^^^^^^^^^^^^^^^^^
  File "C:\Users\muham\AppData\Local\Programs\Python\Python311\Lib\site-packages\telegram\request\_baserequest.py", line 340, in _request_wrapper
    raise exc
  File "C:\Users\muham\AppData\Local\Programs\Python\Python311\Lib\site-packages\telegram\request\_baserequest.py", line 330, in _request_wrapper
    code, payload = await self.do_request(
                    ^^^^^^^^^^^^^^^^^^^^^^
  File "C:\Users\muham\AppData\Local\Programs\Python\Python311\Lib\site-packages\telegram\request\_httpxrequest.py", line 292, in do_request
    raise NetworkError(f"httpx.{err.__class__.__name__}: {err}") from err
telegram.error.NetworkError: httpx.ConnectError: [Errno 11001] getaddrinfo failed
2025-03-06 13:30:16,695 - database.core - INFO - Database connection closed
2025-03-06 13:30:16,695 - __main__ - INFO - Database connection closed
2025-03-06 13:34:00,477 - database.core - INFO - Connected to database: shop.db
2025-03-06 13:34:00,478 - database.core - INFO - Game-related database tables created successfully
2025-03-06 13:34:00,478 - __main__ - INFO - Starting bot initialization...
2025-03-06 13:34:00,478 - __main__ - INFO - Products directory ensured at products
2025-03-06 13:34:00,479 - __main__ - INFO - Locations directory ensured at locations
2025-03-06 13:34:00,784 - __main__ - INFO - Bot application initialized
2025-03-06 13:34:00,785 - __main__ - INFO - Handlers added to application
2025-03-06 13:34:00,785 - __main__ - INFO - Starting bot polling...
2025-03-06 13:34:01,173 - httpx - INFO - HTTP Request: POST https://api.telegram.org/bot7305637182:AAGNumHg8low_WUD3ojAl7dvHqTdmj8Hubo/getMe "HTTP/1.1 200 OK"
2025-03-06 13:34:01,240 - httpx - INFO - HTTP Request: POST https://api.telegram.org/bot7305637182:AAGNumHg8low_WUD3ojAl7dvHqTdmj8Hubo/deleteWebhook "HTTP/1.1 200 OK"
2025-03-06 13:34:01,240 - telegram.ext.Application - INFO - Application started
2025-03-06 13:34:11,776 - httpx - INFO - HTTP Request: POST https://api.telegram.org/bot7305637182:AAGNumHg8low_WUD3ojAl7dvHqTdmj8Hubo/getUpdates "HTTP/1.1 200 OK"
2025-03-06 13:34:21,862 - httpx - INFO - HTTP Request: POST https://api.telegram.org/bot7305637182:AAGNumHg8low_WUD3ojAl7dvHqTdmj8Hubo/getUpdates "HTTP/1.1 200 OK"
2025-03-06 13:34:31,931 - httpx - INFO - HTTP Request: POST https://api.telegram.org/bot7305637182:AAGNumHg8low_WUD3ojAl7dvHqTdmj8Hubo/getUpdates "HTTP/1.1 200 OK"
2025-03-06 13:34:41,374 - httpx - INFO - HTTP Request: POST https://api.telegram.org/bot7305637182:AAGNumHg8low_WUD3ojAl7dvHqTdmj8Hubo/getUpdates "HTTP/1.1 200 OK"
2025-03-06 13:34:41,376 - handlers.menu - INFO - Processing game score: session=518e2975-3bcd-4f24-82e9-f7cc79d29a8d, score=15, user=1094377450
2025-03-06 13:34:41,390 - database.core - INFO - Saved score 15 for user 1094377450, session 518e2975-3bcd-4f24-82e9-f7cc79d29a8d
2025-03-06 13:34:42,873 - httpx - INFO - HTTP Request: POST https://api.telegram.org/bot7305637182:AAGNumHg8low_WUD3ojAl7dvHqTdmj8Hubo/sendMessage "HTTP/1.1 200 OK"
2025-03-06 13:34:48,028 - httpx - INFO - HTTP Request: POST https://api.telegram.org/bot7305637182:AAGNumHg8low_WUD3ojAl7dvHqTdmj8Hubo/getUpdates "HTTP/1.1 200 OK"
2025-03-06 13:34:48,029 - telegram.ext.Application - INFO - Application is stopping. This might take a moment.
2025-03-06 13:34:48,029 - telegram.ext.Application - INFO - Application.stop() complete
2025-03-06 13:34:48,030 - database.core - INFO - Database connection closed
2025-03-06 13:34:48,030 - __main__ - INFO - Database connection closed
2025-03-06 13:44:53,804 - database.core - INFO - Connected to database: shop.db
2025-03-06 13:44:53,805 - database.core - INFO - Game-related database tables created successfully
2025-03-06 13:44:53,805 - __main__ - INFO - Starting bot initialization...
2025-03-06 13:44:53,805 - __main__ - INFO - Products directory ensured at products
2025-03-06 13:44:53,806 - __main__ - INFO - Locations directory ensured at locations
2025-03-06 13:44:54,105 - __main__ - INFO - Bot application initialized
2025-03-06 13:44:54,106 - __main__ - INFO - Handlers added to application
2025-03-06 13:44:54,106 - __main__ - INFO - Starting bot polling...
2025-03-06 13:44:55,380 - httpx - INFO - HTTP Request: POST https://api.telegram.org/bot7305637182:AAGNumHg8low_WUD3ojAl7dvHqTdmj8Hubo/getMe "HTTP/1.1 200 OK"
2025-03-06 13:44:55,747 - httpx - INFO - HTTP Request: POST https://api.telegram.org/bot7305637182:AAGNumHg8low_WUD3ojAl7dvHqTdmj8Hubo/deleteWebhook "HTTP/1.1 200 OK"
2025-03-06 13:44:55,748 - telegram.ext.Application - INFO - Application started
2025-03-06 13:44:56,792 - httpx - INFO - HTTP Request: POST https://api.telegram.org/bot7305637182:AAGNumHg8low_WUD3ojAl7dvHqTdmj8Hubo/getUpdates "HTTP/1.1 200 OK"
2025-03-06 13:44:56,881 - httpx - INFO - HTTP Request: POST https://api.telegram.org/bot7305637182:AAGNumHg8low_WUD3ojAl7dvHqTdmj8Hubo/answerCallbackQuery "HTTP/1.1 200 OK"
2025-03-06 13:44:56,994 - httpx - INFO - HTTP Request: POST https://api.telegram.org/bot7305637182:AAGNumHg8low_WUD3ojAl7dvHqTdmj8Hubo/editMessageText "HTTP/1.1 200 OK"
2025-03-06 13:44:57,875 - httpx - INFO - HTTP Request: POST https://api.telegram.org/bot7305637182:AAGNumHg8low_WUD3ojAl7dvHqTdmj8Hubo/getUpdates "HTTP/1.1 200 OK"
2025-03-06 13:44:57,984 - httpx - INFO - HTTP Request: POST https://api.telegram.org/bot7305637182:AAGNumHg8low_WUD3ojAl7dvHqTdmj8Hubo/answerCallbackQuery "HTTP/1.1 200 OK"
2025-03-06 13:44:58,098 - httpx - INFO - HTTP Request: POST https://api.telegram.org/bot7305637182:AAGNumHg8low_WUD3ojAl7dvHqTdmj8Hubo/editMessageText "HTTP/1.1 200 OK"
2025-03-06 13:45:07,945 - httpx - INFO - HTTP Request: POST https://api.telegram.org/bot7305637182:AAGNumHg8low_WUD3ojAl7dvHqTdmj8Hubo/getUpdates "HTTP/1.1 200 OK"
2025-03-06 13:45:18,096 - httpx - INFO - HTTP Request: POST https://api.telegram.org/bot7305637182:AAGNumHg8low_WUD3ojAl7dvHqTdmj8Hubo/getUpdates "HTTP/1.1 200 OK"
2025-03-06 13:45:22,129 - httpx - INFO - HTTP Request: POST https://api.telegram.org/bot7305637182:AAGNumHg8low_WUD3ojAl7dvHqTdmj8Hubo/getUpdates "HTTP/1.1 200 OK"
2025-03-06 13:45:22,130 - telegram.ext.Application - INFO - Application is stopping. This might take a moment.
2025-03-06 13:45:22,132 - telegram.ext.Application - INFO - Application.stop() complete
2025-03-06 13:45:22,134 - database.core - INFO - Database connection closed
2025-03-06 13:45:22,134 - __main__ - INFO - Database connection closed
2025-03-06 13:56:27,400 - database.core - INFO - Connected to database: shop.db
2025-03-06 13:56:27,401 - database.core - INFO - Game-related database tables created successfully
2025-03-06 13:56:27,401 - __main__ - INFO - Starting bot initialization...
2025-03-06 13:56:27,401 - __main__ - INFO - Products directory ensured at products
2025-03-06 13:56:27,401 - __main__ - INFO - Locations directory ensured at locations
2025-03-06 13:56:27,750 - __main__ - INFO - Bot application initialized
2025-03-06 13:56:27,751 - __main__ - INFO - Handlers added to application
2025-03-06 13:56:27,753 - __main__ - INFO - Starting bot polling...
2025-03-06 13:56:29,270 - httpx - INFO - HTTP Request: POST https://api.telegram.org/bot7305637182:AAGNumHg8low_WUD3ojAl7dvHqTdmj8Hubo/getMe "HTTP/1.1 200 OK"
2025-03-06 13:56:29,356 - httpx - INFO - HTTP Request: POST https://api.telegram.org/bot7305637182:AAGNumHg8low_WUD3ojAl7dvHqTdmj8Hubo/deleteWebhook "HTTP/1.1 200 OK"
2025-03-06 13:56:29,357 - telegram.ext.Application - INFO - Application started
2025-03-06 13:56:39,933 - httpx - INFO - HTTP Request: POST https://api.telegram.org/bot7305637182:AAGNumHg8low_WUD3ojAl7dvHqTdmj8Hubo/getUpdates "HTTP/1.1 200 OK"
2025-03-06 13:56:52,421 - httpx - INFO - HTTP Request: POST https://api.telegram.org/bot7305637182:AAGNumHg8low_WUD3ojAl7dvHqTdmj8Hubo/getUpdates "HTTP/1.1 200 OK"
2025-03-06 13:57:02,517 - httpx - INFO - HTTP Request: POST https://api.telegram.org/bot7305637182:AAGNumHg8low_WUD3ojAl7dvHqTdmj8Hubo/getUpdates "HTTP/1.1 200 OK"
2025-03-06 13:57:12,595 - httpx - INFO - HTTP Request: POST https://api.telegram.org/bot7305637182:AAGNumHg8low_WUD3ojAl7dvHqTdmj8Hubo/getUpdates "HTTP/1.1 200 OK"
2025-03-06 13:57:23,910 - httpx - INFO - HTTP Request: POST https://api.telegram.org/bot7305637182:AAGNumHg8low_WUD3ojAl7dvHqTdmj8Hubo/getUpdates "HTTP/1.1 200 OK"
2025-03-06 13:57:33,992 - httpx - INFO - HTTP Request: POST https://api.telegram.org/bot7305637182:AAGNumHg8low_WUD3ojAl7dvHqTdmj8Hubo/getUpdates "HTTP/1.1 200 OK"
2025-03-06 13:57:44,070 - httpx - INFO - HTTP Request: POST https://api.telegram.org/bot7305637182:AAGNumHg8low_WUD3ojAl7dvHqTdmj8Hubo/getUpdates "HTTP/1.1 200 OK"
2025-03-06 13:57:54,379 - httpx - INFO - HTTP Request: POST https://api.telegram.org/bot7305637182:AAGNumHg8low_WUD3ojAl7dvHqTdmj8Hubo/getUpdates "HTTP/1.1 200 OK"
2025-03-06 13:58:04,840 - httpx - INFO - HTTP Request: POST https://api.telegram.org/bot7305637182:AAGNumHg8low_WUD3ojAl7dvHqTdmj8Hubo/getUpdates "HTTP/1.1 200 OK"
2025-03-06 13:58:14,917 - httpx - INFO - HTTP Request: POST https://api.telegram.org/bot7305637182:AAGNumHg8low_WUD3ojAl7dvHqTdmj8Hubo/getUpdates "HTTP/1.1 200 OK"
2025-03-06 13:58:24,999 - httpx - INFO - HTTP Request: POST https://api.telegram.org/bot7305637182:AAGNumHg8low_WUD3ojAl7dvHqTdmj8Hubo/getUpdates "HTTP/1.1 200 OK"
2025-03-06 13:58:35,074 - httpx - INFO - HTTP Request: POST https://api.telegram.org/bot7305637182:AAGNumHg8low_WUD3ojAl7dvHqTdmj8Hubo/getUpdates "HTTP/1.1 200 OK"
2025-03-06 13:58:45,158 - httpx - INFO - HTTP Request: POST https://api.telegram.org/bot7305637182:AAGNumHg8low_WUD3ojAl7dvHqTdmj8Hubo/getUpdates "HTTP/1.1 200 OK"
2025-03-06 13:58:55,594 - httpx - INFO - HTTP Request: POST https://api.telegram.org/bot7305637182:AAGNumHg8low_WUD3ojAl7dvHqTdmj8Hubo/getUpdates "HTTP/1.1 200 OK"
2025-03-06 13:59:05,672 - httpx - INFO - HTTP Request: POST https://api.telegram.org/bot7305637182:AAGNumHg8low_WUD3ojAl7dvHqTdmj8Hubo/getUpdates "HTTP/1.1 200 OK"
2025-03-06 13:59:15,749 - httpx - INFO - HTTP Request: POST https://api.telegram.org/bot7305637182:AAGNumHg8low_WUD3ojAl7dvHqTdmj8Hubo/getUpdates "HTTP/1.1 200 OK"
2025-03-06 13:59:25,826 - httpx - INFO - HTTP Request: POST https://api.telegram.org/bot7305637182:AAGNumHg8low_WUD3ojAl7dvHqTdmj8Hubo/getUpdates "HTTP/1.1 200 OK"
2025-03-06 13:59:36,125 - httpx - INFO - HTTP Request: POST https://api.telegram.org/bot7305637182:AAGNumHg8low_WUD3ojAl7dvHqTdmj8Hubo/getUpdates "HTTP/1.1 200 OK"
2025-03-06 13:59:46,231 - httpx - INFO - HTTP Request: POST https://api.telegram.org/bot7305637182:AAGNumHg8low_WUD3ojAl7dvHqTdmj8Hubo/getUpdates "HTTP/1.1 200 OK"
2025-03-06 13:59:56,308 - httpx - INFO - HTTP Request: POST https://api.telegram.org/bot7305637182:AAGNumHg8low_WUD3ojAl7dvHqTdmj8Hubo/getUpdates "HTTP/1.1 200 OK"
2025-03-06 14:00:06,387 - httpx - INFO - HTTP Request: POST https://api.telegram.org/bot7305637182:AAGNumHg8low_WUD3ojAl7dvHqTdmj8Hubo/getUpdates "HTTP/1.1 200 OK"
2025-03-06 14:00:16,465 - httpx - INFO - HTTP Request: POST https://api.telegram.org/bot7305637182:AAGNumHg8low_WUD3ojAl7dvHqTdmj8Hubo/getUpdates "HTTP/1.1 200 OK"
2025-03-06 14:00:23,228 - httpx - INFO - HTTP Request: POST https://api.telegram.org/bot7305637182:AAGNumHg8low_WUD3ojAl7dvHqTdmj8Hubo/getUpdates "HTTP/1.1 200 OK"
2025-03-06 14:00:23,230 - telegram.ext.Application - INFO - Application is stopping. This might take a moment.
2025-03-06 14:00:23,232 - telegram.ext.Application - INFO - Application.stop() complete
2025-03-06 14:00:23,235 - database.core - INFO - Database connection closed
2025-03-06 14:00:23,236 - __main__ - INFO - Database connection closed
